
Could not find platform independent libraries <prefix>
Could not find platform dependent libraries <exec_prefix>
Consider setting $PYTHONHOME to <prefix>[:<exec_prefix>]
Python path configuration:
  PYTHONHOME = (not set)
  PYTHONPATH = (not set)
  program name = 'venv/bin/python3'
  isolated = 0
  environment = 1
  user site = 1
  import site = 1
  sys._base_executable = '/media/mrmed/C/Development/bots/YTS_Bot_Notification/venv/bin/python3'
  sys.base_prefix = '/usr'
  sys.base_exec_prefix = '/usr'
  sys.executable = '/media/mrmed/C/Development/bots/YTS_Bot_Notification/venv/bin/python3'
  sys.prefix = '/usr'
  sys.exec_prefix = '/usr'
  sys.path = [
    '/usr/lib/python38.zip',
    '/usr/lib/python3.8',
    '/usr/lib/lib-dynload',
  ]
Fatal Python error: init_fs_encoding: failed to get the Python codec of the filesystem encoding
Python runtime state: core initialized
ModuleNotFoundError: No module named 'encodings'

Current thread 0x00007f959109e740 (most recent call first):
<no Python frame>
